<?xml version="1.0" encoding="UTF-8"?>
<testsuite xmlns:xsi="http://www.w3.org/2001/XMLSchema-instance" xsi:noNamespaceSchemaLocation="https://maven.apache.org/surefire/maven-surefire-plugin/xsd/surefire-test-report.xsd" version="3.0.2" name="com.cropdeal.eureka.EurekaApplicationTests" time="9.06" tests="1" errors="0" skipped="0" failures="0">
  <properties>
[...]
</properties>
  <testcase name="contextLoads" classname="com.cropdeal.eureka.EurekaApplicationTests" time="1.104">
    <system-out><![CDATA[12:22:42.526 [main] INFO org.springframework.test.context.support.AnnotationConfigContextLoaderUtils -- Could not detect default configuration classes for test class [com.cropdeal.eureka.EurekaApplicationTests]: EurekaApplicationTests does not declare any static, non-private, non-final, nested classes annotated with @Configuration.
12:22:42.732 [main] INFO org.springframework.boot.test.context.SpringBootTestContextBootstrapper -- Found @SpringBootConfiguration com.cropdeal.eureka.EurekaApplication for test class com.cropdeal.eureka.EurekaApplicationTests
12:22:43.337 [main] INFO org.springframework.boot.devtools.restart.RestartApplicationListener -- Restart disabled due to context in which it is running

  .   ____          _            __ _ _
 /\\ / ___'_ __ _ _(_)_ __  __ _ \ \ \ \
( ( )\___ | '_ | '_| | '_ \/ _` | \ \ \ \
 \\/  ___)| |_)| | | | | || (_| |  ) ) ) )
  '  |____| .__|_| |_|_| |_\__, | / / / /
 =========|_|==============|___/=/_/_/_/

 :: Spring Boot ::                (v3.4.5)

2025-05-29T12:22:43.936+05:30  INFO 16376 --- [eureka] [           main] c.c.eureka.EurekaApplicationTests        : Starting EurekaApplicationTests using Java 21.0.6 with PID 16376 (started by Rahul in C:\Users\Dell\Desktop\final\eureka.zip_expanded\eureka)
2025-05-29T12:22:43.938+05:30  INFO 16376 --- [eureka] [           main] c.c.eureka.EurekaApplicationTests        : No active profile set, falling back to 1 default profile: "default"
2025-05-29T12:22:46.027+05:30  INFO 16376 --- [eureka] [           main] o.s.cloud.context.scope.GenericScope     : BeanFactory id=ad2ea256-ab0a-38b0-b149-5a4e85bd5337
2025-05-29T12:22:46.972+05:30  INFO 16376 --- [eureka] [           main] o.s.v.b.OptionalValidatorFactoryBean     : Failed to set up a Bean Validation provider: jakarta.validation.NoProviderFoundException: Unable to create a Configuration, because no Jakarta Bean Validation provider could be found. Add a provider like Hibernate Validator (RI) to your classpath.
2025-05-29T12:22:48.729+05:30  WARN 16376 --- [eureka] [           main] iguration$LoadBalancerCaffeineWarnLogger : Spring Cloud LoadBalancer is currently working with the default cache. While this cache implementation is useful for development and tests, it's recommended to use Caffeine cache in production.You can switch to using Caffeine cache, by adding it and org.springframework.cache.caffeine.CaffeineCacheManager to the classpath.
2025-05-29T12:22:49.238+05:30  INFO 16376 --- [eureka] [           main] o.s.c.n.eureka.InstanceInfoFactory       : Setting initial instance status as: STARTING
2025-05-29T12:22:49.281+05:30  INFO 16376 --- [eureka] [           main] com.netflix.discovery.DiscoveryClient    : Initializing Eureka in region us-east-1
2025-05-29T12:22:49.283+05:30  INFO 16376 --- [eureka] [           main] com.netflix.discovery.DiscoveryClient    : Client configured to neither register nor query for data.
2025-05-29T12:22:49.286+05:30  INFO 16376 --- [eureka] [           main] com.netflix.discovery.DiscoveryClient    : Discovery Client initialized at timestamp 1748501569285 with initial instances count: 0
2025-05-29T12:22:49.371+05:30  INFO 16376 --- [eureka] [           main] c.n.eureka.DefaultEurekaServerContext    : Initializing ...
2025-05-29T12:22:49.374+05:30  INFO 16376 --- [eureka] [           main] c.n.eureka.cluster.PeerEurekaNodes       : Adding new peer nodes [http://localhost:8080/eureka/]
2025-05-29T12:22:49.624+05:30  INFO 16376 --- [eureka] [           main] c.n.d.provider.DiscoveryJerseyProvider   : Using JSON encoding codec LegacyJacksonJson
2025-05-29T12:22:49.624+05:30  INFO 16376 --- [eureka] [           main] c.n.d.provider.DiscoveryJerseyProvider   : Using JSON decoding codec LegacyJacksonJson
2025-05-29T12:22:49.624+05:30  INFO 16376 --- [eureka] [           main] c.n.d.provider.DiscoveryJerseyProvider   : Using XML encoding codec XStreamXml
2025-05-29T12:22:49.625+05:30  INFO 16376 --- [eureka] [           main] c.n.d.provider.DiscoveryJerseyProvider   : Using XML decoding codec XStreamXml
2025-05-29T12:22:49.719+05:30  INFO 16376 --- [eureka] [           main] c.n.eureka.cluster.PeerEurekaNodes       : Replica node URL:  http://localhost:8080/eureka/
2025-05-29T12:22:49.734+05:30  INFO 16376 --- [eureka] [           main] c.n.e.registry.AbstractInstanceRegistry  : Finished initializing remote region registries. All known remote regions: []
2025-05-29T12:22:49.734+05:30  INFO 16376 --- [eureka] [           main] c.n.eureka.DefaultEurekaServerContext    : Initialized
2025-05-29T12:22:49.899+05:30  INFO 16376 --- [eureka] [           main] o.s.b.a.e.web.EndpointLinksResolver      : Exposing 1 endpoint beneath base path '/actuator'
2025-05-29T12:22:49.990+05:30  INFO 16376 --- [eureka] [           main] o.s.c.n.e.s.EurekaServiceRegistry        : Registering application EUREKA with eureka with status UP
2025-05-29T12:22:50.010+05:30  INFO 16376 --- [eureka] [      Thread-11] o.s.c.n.e.server.EurekaServerBootstrap   : isAws returned false
2025-05-29T12:22:50.011+05:30  INFO 16376 --- [eureka] [      Thread-11] o.s.c.n.e.server.EurekaServerBootstrap   : Initialized server context
2025-05-29T12:22:50.019+05:30  INFO 16376 --- [eureka] [      Thread-11] c.n.e.r.PeerAwareInstanceRegistryImpl    : Got 1 instances from neighboring DS node
2025-05-29T12:22:50.019+05:30  INFO 16376 --- [eureka] [      Thread-11] c.n.e.r.PeerAwareInstanceRegistryImpl    : Renew threshold is: 1
2025-05-29T12:22:50.020+05:30  INFO 16376 --- [eureka] [      Thread-11] c.n.e.r.PeerAwareInstanceRegistryImpl    : Changing status to UP
2025-05-29T12:22:50.024+05:30  INFO 16376 --- [eureka] [      Thread-11] e.s.EurekaServerInitializerConfiguration : Started Eureka Server
2025-05-29T12:22:50.023+05:30  INFO 16376 --- [eureka] [           main] c.c.eureka.EurekaApplicationTests        : Started EurekaApplicationTests in 6.718 seconds (process running for 8.8)
]]></system-out>
    <system-err><![CDATA[Mockito is currently self-attaching to enable the inline-mock-maker. This will no longer work in future releases of the JDK. Please add Mockito as an agent to your build what is described in Mockito's documentation: https://javadoc.io/doc/org.mockito/mockito-core/latest/org/mockito/Mockito.html#0.3
WARNING: A Java agent has been loaded dynamically (C:\Users\Dell\.m2\repository\net\bytebuddy\byte-buddy-agent\1.15.11\byte-buddy-agent-1.15.11.jar)
WARNING: If a serviceability tool is in use, please run with -XX:+EnableDynamicAgentLoading to hide this warning
WARNING: If a serviceability tool is not in use, please run with -Djdk.instrument.traceUsage for more information
WARNING: Dynamic loading of agents will be disallowed by default in a future release
]]></system-err>
  </testcase>
</testsuite>